[35m[Appium][39m Welcome to Appium v1.22.3
[35m[Appium][39m Non-default server args:
[35m[Appium][39m   port: 65331
[35m[Appium][39m   loglevel: info
[35m[Appium][39m   tmpDir: C:\Users\ftoru\AppData\Local\Temp\\Katalon\Appium\Temp1650204744807
[35m[Appium][39m   chromedriverPort: 65332
[35m[Appium][39m Deprecated server args:
[35m[Appium][39m   [31m--chromedriver-port[39m => --default-capabilities
[35m[Appium][39m Default capabilities, which will be added to each request unless overridden by desired capabilities:
[35m[Appium][39m   chromedriverPort: 65332
[35m[Appium][39m Appium REST http interface listener started on 0.0.0.0:65331
[35m[HTTP][39m [37m-->[39m [37mGET[39m [37m/wd/hub/status[39m
[35m[HTTP][39m [90m{}[39m
[35m[HTTP][39m [37m<-- GET /wd/hub/status [39m[32m200[39m [90m8 ms - 68[39m
[35m[HTTP][39m [90m[39m
[35m[HTTP][39m [37m-->[39m [37mGET[39m [37m/wd/hub/status[39m
[35m[HTTP][39m [90m{}[39m
[35m[HTTP][39m [37m<-- GET /wd/hub/status [39m[32m200[39m [90m1 ms - 68[39m
[35m[HTTP][39m [90m[39m
[35m[HTTP][39m [37m-->[39m [37mPOST[39m [37m/wd/hub/session[39m
[35m[HTTP][39m [90m{"desiredCapabilities":{"appActivity":".Settings","appPackage":"com.android.settings","newCommandTimeout":1800,"platformVersion":"11","automationName":"uiautomator2","autoGrantPermissions":true,"platformName":"Android","udid":"39d27dd5","deviceName":"Xiaomi M2101K7AG (Android 11)","platform":"ANDROID","systemPort":8278},"capabilities":{"firstMatch":[{"appium:appActivity":".Settings","appium:appPackage":"com.android.settings","appium:autoGrantPermissions":true,"appium:automationName":"uiautomator2","appium:deviceName":"Xiaomi M2101K7AG (Android 11)","appium:newCommandTimeout":1800,"platform":"ANDROID","platformName":"android","appium:platformVersion":"11","appium:systemPort":8278,"appium:udid":"39d27dd5"}]}}[39m
[35m[BaseDriver][39m The following capabilities are not standard capabilities and should have an extension prefix:
[35m[BaseDriver][39m   platform
[35m[BaseDriver][39m   chromedriverPort
[35m[Appium][39m Appium v1.22.3 creating new AndroidUiautomator2Driver (v1.70.1) session
[35m[BaseDriver][39m The following capabilities were provided, but are not recognized by Appium:
[35m[BaseDriver][39m   platform
[35m[BaseDriver][39m Session created with session id: f9ec4f3c-6dcf-4584-a9df-5e49a1d0aab7
[35m[UiAutomator2][39m Starting 'com.android.settings' directly on the device
[35m[ADB][39m Found 2 'build-tools' folders under 'D:\AppData\Local\Android\SDK' (newest first):
[35m[ADB][39m     D:/AppData/Local/Android/SDK/build-tools/32.0.0-rc1
[35m[ADB][39m     D:/AppData/Local/Android/SDK/build-tools/31.0.0
[35m[ADB][39m Using 'adb.exe' from 'D:\AppData\Local\Android\SDK\platform-tools\adb.exe'
[35m[AndroidDriver][39m Retrieving device list
[35m[AndroidDriver][39m Using device: 39d27dd5
[35m[ADB][39m Using 'adb.exe' from 'D:\AppData\Local\Android\SDK\platform-tools\adb.exe'
[35m[ADB][39m Getting device platform version
[35m[UiAutomator2][39m Relaxing hidden api policy
[35m[AndroidDriver][39m No app sent in, not parsing package/activity
[35m[ADB][39m Using 'apksigner.jar' from 'D:\AppData\Local\Android\SDK\build-tools\32.0.0-rc1\lib\apksigner.jar'
[35m[ADB][39m 'C:\Users\ftoru\AppData\Roaming\npm\node_modules\appium\node_modules\appium-uiautomator2-server\apks\appium-uiautomator2-server-v4.27.0.apk' is signed with the default certificate
[35m[ADB][39m 'C:\Users\ftoru\AppData\Roaming\npm\node_modules\appium\node_modules\appium-uiautomator2-server\apks\appium-uiautomator2-server-debug-androidTest.apk' is signed with the default certificate
[35m[UiAutomator2][39m Server packages are not going to be (re)installed
[35m[ADB][39m Adding packages ["io.appium.settings","io.appium.uiautomator2.server","io.appium.uiautomator2.server.test"] to Doze whitelist
[35m[UiAutomator2][39m Starting UIAutomator2 server 4.27.0
[35m[UiAutomator2][39m Using UIAutomator2 server from 'C:\Users\ftoru\AppData\Roaming\npm\node_modules\appium\node_modules\appium-uiautomator2-server\apks\appium-uiautomator2-server-v4.27.0.apk' and test from 'C:\Users\ftoru\AppData\Roaming\npm\node_modules\appium\node_modules\appium-uiautomator2-server\apks\appium-uiautomator2-server-debug-androidTest.apk'
[35m[UiAutomator2][39m Waiting up to 30000ms for UiAutomator2 to be online...
[35m[WD Proxy][39m socket hang up
[35m[WD Proxy][39m socket hang up
[35m[WD Proxy][39m socket hang up
[35m[WD Proxy][39m Determined the downstream protocol as 'W3C'
[35m[AndroidDriver][39m Screen already unlocked, doing nothing
[35m[UiAutomator2][39m Starting 'com.android.settings/.Settings and waiting for 'com.android.settings/.Settings'
[35m[Appium][39m New AndroidUiautomator2Driver session created successfully, session f9ec4f3c-6dcf-4584-a9df-5e49a1d0aab7 added to master session list
[35m[HTTP][39m [37m<-- POST /wd/hub/session [39m[32m200[39m [90m11733 ms - 1145[39m
[35m[HTTP][39m [90m[39m
[35m[HTTP][39m [37m-->[39m [37mGET[39m [37m/wd/hub/session/f9ec4f3c-6dcf-4584-a9df-5e49a1d0aab7[39m
[35m[HTTP][39m [90m{}[39m
[35m[HTTP][39m [37m<-- GET /wd/hub/session/f9ec4f3c-6dcf-4584-a9df-5e49a1d0aab7 [39m[32m200[39m [90m23 ms - 1099[39m
[35m[HTTP][39m [90m[39m
[35m[HTTP][39m [37m-->[39m [37mGET[39m [37m/wd/hub/session/f9ec4f3c-6dcf-4584-a9df-5e49a1d0aab7[39m
[35m[HTTP][39m [90m{}[39m
[35m[HTTP][39m [37m<-- GET /wd/hub/session/f9ec4f3c-6dcf-4584-a9df-5e49a1d0aab7 [39m[32m200[39m [90m15 ms - 1099[39m
[35m[HTTP][39m [90m[39m
[35m[HTTP][39m [37m-->[39m [37mGET[39m [37m/wd/hub/status[39m
[35m[HTTP][39m [90m{}[39m
[35m[HTTP][39m [37m<-- GET /wd/hub/status [39m[32m200[39m [90m2 ms - 68[39m
[35m[HTTP][39m [90m[39m
[35m[HTTP][39m [37m-->[39m [37mPOST[39m [37m/wd/hub/session/f9ec4f3c-6dcf-4584-a9df-5e49a1d0aab7/timeouts[39m
[35m[HTTP][39m [90m{"implicit":60000}[39m
[35m[HTTP][39m [37m<-- POST /wd/hub/session/f9ec4f3c-6dcf-4584-a9df-5e49a1d0aab7/timeouts [39m[32m200[39m [90m6 ms - 14[39m
[35m[HTTP][39m [90m[39m
[35m[HTTP][39m [37m-->[39m [37mGET[39m [37m/wd/hub/session/f9ec4f3c-6dcf-4584-a9df-5e49a1d0aab7/screenshot[39m
[35m[HTTP][39m [90m{}[39m
[35m[HTTP][39m [37m<-- GET /wd/hub/session/f9ec4f3c-6dcf-4584-a9df-5e49a1d0aab7/screenshot [39m[32m200[39m [90m442 ms - 182472[39m
[35m[HTTP][39m [90m[39m
[35m[HTTP][39m [37m-->[39m [37mGET[39m [37m/wd/hub/session/f9ec4f3c-6dcf-4584-a9df-5e49a1d0aab7/window/rect[39m
[35m[HTTP][39m [90m{}[39m
[35m[HTTP][39m [37m<-- GET /wd/hub/session/f9ec4f3c-6dcf-4584-a9df-5e49a1d0aab7/window/rect [39m[32m200[39m [90m35 ms - 50[39m
[35m[HTTP][39m [90m[39m
[35m[HTTP][39m [37m-->[39m [37mGET[39m [37m/wd/hub/session/f9ec4f3c-6dcf-4584-a9df-5e49a1d0aab7/appium/device/system_bars[39m
[35m[HTTP][39m [90m{}[39m
[35m[HTTP][39m [37m<-- GET /wd/hub/session/f9ec4f3c-6dcf-4584-a9df-5e49a1d0aab7/appium/device/system_bars [39m[32m200[39m [90m191 ms - 147[39m
[35m[HTTP][39m [90m[39m
[35m[HTTP][39m [37m-->[39m [37mPOST[39m [37m/wd/hub/session/f9ec4f3c-6dcf-4584-a9df-5e49a1d0aab7/appium/device/activate_app[39m
[35m[HTTP][39m [90m{"bundleId":"com.traveloka.android"}[39m
[35m[HTTP][39m [37m<-- POST /wd/hub/session/f9ec4f3c-6dcf-4584-a9df-5e49a1d0aab7/appium/device/activate_app [39m[32m200[39m [90m444 ms - 14[39m
[35m[HTTP][39m [90m[39m
[35m[HTTP][39m [37m-->[39m [37mGET[39m [37m/wd/hub/session/f9ec4f3c-6dcf-4584-a9df-5e49a1d0aab7/source[39m
[35m[HTTP][39m [90m{}[39m
[35m[W3C (f9ec4f3c)][39m Driver proxy active, passing request on via HTTP proxy
[35m[WD Proxy][39m Replacing sessionId f98ec57d-cfd5-4c76-8599-5f5cf8492eb7 with f9ec4f3c-6dcf-4584-a9df-5e49a1d0aab7
[35m[HTTP][39m [37m<-- GET /wd/hub/session/f9ec4f3c-6dcf-4584-a9df-5e49a1d0aab7/source [39m[32m200[39m [90m1447 ms - 3762[39m
[35m[HTTP][39m [90m[39m
[35m[HTTP][39m [37m-->[39m [37mGET[39m [37m/wd/hub/session/f9ec4f3c-6dcf-4584-a9df-5e49a1d0aab7/screenshot[39m
[35m[HTTP][39m [90m{}[39m
[35m[HTTP][39m [37m<-- GET /wd/hub/session/f9ec4f3c-6dcf-4584-a9df-5e49a1d0aab7/screenshot [39m[32m200[39m [90m411 ms - 87668[39m
[35m[HTTP][39m [90m[39m
[35m[HTTP][39m [37m-->[39m [37mGET[39m [37m/wd/hub/session/f9ec4f3c-6dcf-4584-a9df-5e49a1d0aab7/source[39m
[35m[HTTP][39m [90m{}[39m
[35m[W3C (f9ec4f3c)][39m Driver proxy active, passing request on via HTTP proxy
[35m[WD Proxy][39m Replacing sessionId f98ec57d-cfd5-4c76-8599-5f5cf8492eb7 with f9ec4f3c-6dcf-4584-a9df-5e49a1d0aab7
[35m[HTTP][39m [37m<-- GET /wd/hub/session/f9ec4f3c-6dcf-4584-a9df-5e49a1d0aab7/source [39m[32m200[39m [90m721 ms - 97456[39m
[35m[HTTP][39m [90m[39m
[35m[HTTP][39m [37m-->[39m [37mGET[39m [37m/wd/hub/session/f9ec4f3c-6dcf-4584-a9df-5e49a1d0aab7/screenshot[39m
[35m[HTTP][39m [90m{}[39m
[35m[HTTP][39m [37m<-- GET /wd/hub/session/f9ec4f3c-6dcf-4584-a9df-5e49a1d0aab7/screenshot [39m[32m200[39m [90m804 ms - 1338632[39m
[35m[HTTP][39m [90m[39m
[35m[HTTP][39m [37m-->[39m [37mPOST[39m [37m/wd/hub/session/f9ec4f3c-6dcf-4584-a9df-5e49a1d0aab7/elements[39m
[35m[HTTP][39m [90m{"using":"xpath","value":"//*[@class = 'android.widget.ImageView' and @resource-id = 'com.traveloka.android:id/image_view_product_icon' and (@text = '' or . = '')]"}[39m
[35m[HTTP][39m [37m<-- POST /wd/hub/session/f9ec4f3c-6dcf-4584-a9df-5e49a1d0aab7/elements [39m[32m200[39m [90m862 ms - 1931[39m
[35m[HTTP][39m [90m[39m
[35m[HTTP][39m [37m-->[39m [37mPOST[39m [37m/wd/hub/session/f9ec4f3c-6dcf-4584-a9df-5e49a1d0aab7/elements[39m
[35m[HTTP][39m [90m{"using":"id","value":"com.traveloka.android:id/image_view_product_icon"}[39m
[35m[HTTP][39m [37m<-- POST /wd/hub/session/f9ec4f3c-6dcf-4584-a9df-5e49a1d0aab7/elements [39m[32m200[39m [90m287 ms - 1931[39m
[35m[HTTP][39m [90m[39m
[35m[HTTP][39m [37m-->[39m [37mPOST[39m [37m/wd/hub/session/f9ec4f3c-6dcf-4584-a9df-5e49a1d0aab7/elements[39m
[35m[HTTP][39m [90m{"using":"-android uiautomator","value":"new UiSelector().className(\"android.widget.ImageView\").resourceId(\"com.traveloka.android:id/image_view_product_icon\")"}[39m
[35m[HTTP][39m [37m<-- POST /wd/hub/session/f9ec4f3c-6dcf-4584-a9df-5e49a1d0aab7/elements [39m[32m200[39m [90m1028 ms - 1931[39m
[35m[HTTP][39m [90m[39m
[35m[HTTP][39m [37m-->[39m [37mGET[39m [37m/wd/hub/session/f9ec4f3c-6dcf-4584-a9df-5e49a1d0aab7/window/rect[39m
[35m[HTTP][39m [90m{}[39m
[35m[HTTP][39m [37m<-- GET /wd/hub/session/f9ec4f3c-6dcf-4584-a9df-5e49a1d0aab7/window/rect [39m[32m200[39m [90m26 ms - 50[39m
[35m[HTTP][39m [90m[39m
[35m[HTTP][39m [37m-->[39m [37mPOST[39m [37m/wd/hub/session/f9ec4f3c-6dcf-4584-a9df-5e49a1d0aab7/elements[39m
[35m[HTTP][39m [90m{"using":"xpath","value":"//hierarchy/android.widget.FrameLayout[1]/android.widget.LinearLayout[1]/android.widget.FrameLayout[1]/android.widget.FrameLayout[1]/android.widget.FrameLayout[1]/android.view.ViewGroup[1]/android.view.ViewGroup[1]/android.widget.FrameLayout[1]/android.widget.FrameLayout[1]/android.widget.FrameLayout[1]/android.widget.FrameLayout[1]/android.widget.FrameLayout[1]/android.widget.FrameLayout[1]/android.widget.FrameLayout[1]/androidx.recyclerview.widget.RecyclerView[1]/android.widget.FrameLayout[1]/android.view.ViewGroup[1]/android.widget.FrameLayout[2]/android.widget.LinearLayout[1]/android.widget.FrameLayout[1]/android.view.ViewGroup[1]/android.widget.LinearLayout[1]/androidx.viewpager.widget.ViewPager[1]/android.widget.FrameLayout[1]/androidx.recyclerview.widget.RecyclerView[1]/android.view.ViewGroup[1]/android.widget.ImageView[1]"}[39m
[35m[HTTP][39m [37m<-- POST /wd/hub/session/f9ec4f3c-6dcf-4584-a9df-5e49a1d0aab7/elements [39m[32m200[39m [90m594 ms - 139[39m
[35m[HTTP][39m [90m[39m
[35m[HTTP][39m [37m-->[39m [37mGET[39m [37m/wd/hub/session/f9ec4f3c-6dcf-4584-a9df-5e49a1d0aab7/element/00000000-0000-010c-ffff-ffff000000e9/location[39m
[35m[HTTP][39m [90m{}[39m
[35m[W3C (f9ec4f3c)][39m Driver proxy active, passing request on via HTTP proxy
[35m[WD Proxy][39m Replacing sessionId f98ec57d-cfd5-4c76-8599-5f5cf8492eb7 with f9ec4f3c-6dcf-4584-a9df-5e49a1d0aab7
[35m[HTTP][39m [37m<-- GET /wd/hub/session/f9ec4f3c-6dcf-4584-a9df-5e49a1d0aab7/element/00000000-0000-010c-ffff-ffff000000e9/location [39m[32m200[39m [90m33 ms - 77[39m
[35m[HTTP][39m [90m[39m
[35m[HTTP][39m [37m-->[39m [37mPOST[39m [37m/wd/hub/session/f9ec4f3c-6dcf-4584-a9df-5e49a1d0aab7/element/00000000-0000-010c-ffff-ffff000000e9/click[39m
[35m[HTTP][39m [90m{"id":"00000000-0000-010c-ffff-ffff000000e9"}[39m
[35m[HTTP][39m [37m<-- POST /wd/hub/session/f9ec4f3c-6dcf-4584-a9df-5e49a1d0aab7/element/00000000-0000-010c-ffff-ffff000000e9/click [39m[32m200[39m [90m105 ms - 14[39m
[35m[HTTP][39m [90m[39m
[35m[HTTP][39m [37m-->[39m [37mGET[39m [37m/wd/hub/session/f9ec4f3c-6dcf-4584-a9df-5e49a1d0aab7/source[39m
[35m[HTTP][39m [90m{}[39m
[35m[W3C (f9ec4f3c)][39m Driver proxy active, passing request on via HTTP proxy
[35m[WD Proxy][39m Replacing sessionId f98ec57d-cfd5-4c76-8599-5f5cf8492eb7 with f9ec4f3c-6dcf-4584-a9df-5e49a1d0aab7
[35m[HTTP][39m [37m<-- GET /wd/hub/session/f9ec4f3c-6dcf-4584-a9df-5e49a1d0aab7/source [39m[32m200[39m [90m1151 ms - 42454[39m
[35m[HTTP][39m [90m[39m
[35m[HTTP][39m [37m-->[39m [37mGET[39m [37m/wd/hub/session/f9ec4f3c-6dcf-4584-a9df-5e49a1d0aab7/screenshot[39m
[35m[HTTP][39m [90m{}[39m
[35m[HTTP][39m [37m<-- GET /wd/hub/session/f9ec4f3c-6dcf-4584-a9df-5e49a1d0aab7/screenshot [39m[32m200[39m [90m533 ms - 189976[39m
[35m[HTTP][39m [90m[39m
[35m[HTTP][39m [37m-->[39m [37mPOST[39m [37m/wd/hub/session/f9ec4f3c-6dcf-4584-a9df-5e49a1d0aab7/elements[39m
[35m[HTTP][39m [90m{"using":"xpath","value":"//*[@class = 'android.widget.EditText' and (@text = 'Surabaya (SUB)' or . = 'Surabaya (SUB)') and @resource-id = 'com.traveloka.android:id/edit_text_field']"}[39m
[35m[HTTP][39m [37m<-- POST /wd/hub/session/f9ec4f3c-6dcf-4584-a9df-5e49a1d0aab7/elements [39m[32m200[39m [90m396 ms - 139[39m
[35m[HTTP][39m [90m[39m
[35m[HTTP][39m [37m-->[39m [37mGET[39m [37m/wd/hub/session/f9ec4f3c-6dcf-4584-a9df-5e49a1d0aab7/window/rect[39m
[35m[HTTP][39m [90m{}[39m
[35m[HTTP][39m [37m<-- GET /wd/hub/session/f9ec4f3c-6dcf-4584-a9df-5e49a1d0aab7/window/rect [39m[32m200[39m [90m12 ms - 50[39m
[35m[HTTP][39m [90m[39m
[35m[HTTP][39m [37m-->[39m [37mPOST[39m [37m/wd/hub/session/f9ec4f3c-6dcf-4584-a9df-5e49a1d0aab7/elements[39m
[35m[HTTP][39m [90m{"using":"xpath","value":"//*[@class = 'android.widget.EditText' and (@text = 'Surabaya (SUB)' or . = 'Surabaya (SUB)') and @resource-id = 'com.traveloka.android:id/edit_text_field']"}[39m
[35m[HTTP][39m [37m<-- POST /wd/hub/session/f9ec4f3c-6dcf-4584-a9df-5e49a1d0aab7/elements [39m[32m200[39m [90m353 ms - 139[39m
[35m[HTTP][39m [90m[39m
[35m[HTTP][39m [37m-->[39m [37mGET[39m [37m/wd/hub/session/f9ec4f3c-6dcf-4584-a9df-5e49a1d0aab7/element/00000000-0000-010d-ffff-ffff00000443/location[39m
[35m[HTTP][39m [90m{}[39m
[35m[W3C (f9ec4f3c)][39m Driver proxy active, passing request on via HTTP proxy
[35m[WD Proxy][39m Replacing sessionId f98ec57d-cfd5-4c76-8599-5f5cf8492eb7 with f9ec4f3c-6dcf-4584-a9df-5e49a1d0aab7
[35m[HTTP][39m [37m<-- GET /wd/hub/session/f9ec4f3c-6dcf-4584-a9df-5e49a1d0aab7/element/00000000-0000-010d-ffff-ffff00000443/location [39m[32m200[39m [90m29 ms - 77[39m
[35m[HTTP][39m [90m[39m
[35m[HTTP][39m [37m-->[39m [37mPOST[39m [37m/wd/hub/session/f9ec4f3c-6dcf-4584-a9df-5e49a1d0aab7/element/00000000-0000-010d-ffff-ffff00000443/click[39m
[35m[HTTP][39m [90m{"id":"00000000-0000-010d-ffff-ffff00000443"}[39m
[35m[HTTP][39m [37m<-- POST /wd/hub/session/f9ec4f3c-6dcf-4584-a9df-5e49a1d0aab7/element/00000000-0000-010d-ffff-ffff00000443/click [39m[32m200[39m [90m96 ms - 14[39m
[35m[HTTP][39m [90m[39m
[35m[HTTP][39m [37m-->[39m [37mGET[39m [37m/wd/hub/session/f9ec4f3c-6dcf-4584-a9df-5e49a1d0aab7/source[39m
[35m[HTTP][39m [90m{}[39m
[35m[W3C (f9ec4f3c)][39m Driver proxy active, passing request on via HTTP proxy
[35m[WD Proxy][39m Replacing sessionId f98ec57d-cfd5-4c76-8599-5f5cf8492eb7 with f9ec4f3c-6dcf-4584-a9df-5e49a1d0aab7
[35m[HTTP][39m [37m<-- GET /wd/hub/session/f9ec4f3c-6dcf-4584-a9df-5e49a1d0aab7/source [39m[32m200[39m [90m616 ms - 24735[39m
[35m[HTTP][39m [90m[39m
[35m[HTTP][39m [37m-->[39m [37mGET[39m [37m/wd/hub/session/f9ec4f3c-6dcf-4584-a9df-5e49a1d0aab7/screenshot[39m
[35m[HTTP][39m [90m{}[39m
[35m[HTTP][39m [37m<-- GET /wd/hub/session/f9ec4f3c-6dcf-4584-a9df-5e49a1d0aab7/screenshot [39m[32m200[39m [90m518 ms - 245446[39m
[35m[HTTP][39m [90m[39m
[35m[HTTP][39m [37m-->[39m [37mPOST[39m [37m/wd/hub/session/f9ec4f3c-6dcf-4584-a9df-5e49a1d0aab7/elements[39m
[35m[HTTP][39m [90m{"using":"xpath","value":"//*[@class = 'android.widget.EditText' and (@text = 'Cari kota atau bandara' or . = 'Cari kota atau bandara') and @resource-id = 'com.traveloka.android:id/edit_text_field']"}[39m
[35m[HTTP][39m [37m<-- POST /wd/hub/session/f9ec4f3c-6dcf-4584-a9df-5e49a1d0aab7/elements [39m[32m200[39m [90m152 ms - 139[39m
[35m[HTTP][39m [90m[39m
[35m[HTTP][39m [37m-->[39m [37mGET[39m [37m/wd/hub/session/f9ec4f3c-6dcf-4584-a9df-5e49a1d0aab7/window/rect[39m
[35m[HTTP][39m [90m{}[39m
[35m[HTTP][39m [37m<-- GET /wd/hub/session/f9ec4f3c-6dcf-4584-a9df-5e49a1d0aab7/window/rect [39m[32m200[39m [90m18 ms - 50[39m
[35m[HTTP][39m [90m[39m
[35m[HTTP][39m [37m-->[39m [37mPOST[39m [37m/wd/hub/session/f9ec4f3c-6dcf-4584-a9df-5e49a1d0aab7/elements[39m
[35m[HTTP][39m [90m{"using":"xpath","value":"//*[@class = 'android.widget.EditText' and (@text = 'Cari kota atau bandara' or . = 'Cari kota atau bandara') and @resource-id = 'com.traveloka.android:id/edit_text_field']"}[39m
[35m[HTTP][39m [37m<-- POST /wd/hub/session/f9ec4f3c-6dcf-4584-a9df-5e49a1d0aab7/elements [39m[32m200[39m [90m131 ms - 139[39m
[35m[HTTP][39m [90m[39m
[35m[HTTP][39m [37m-->[39m [37mGET[39m [37m/wd/hub/session/f9ec4f3c-6dcf-4584-a9df-5e49a1d0aab7/element/00000000-0000-010f-ffff-ffff000008b1/location[39m
[35m[HTTP][39m [90m{}[39m
[35m[W3C (f9ec4f3c)][39m Driver proxy active, passing request on via HTTP proxy
[35m[WD Proxy][39m Replacing sessionId f98ec57d-cfd5-4c76-8599-5f5cf8492eb7 with f9ec4f3c-6dcf-4584-a9df-5e49a1d0aab7
[35m[HTTP][39m [37m<-- GET /wd/hub/session/f9ec4f3c-6dcf-4584-a9df-5e49a1d0aab7/element/00000000-0000-010f-ffff-ffff000008b1/location [39m[32m200[39m [90m20 ms - 77[39m
[35m[HTTP][39m [90m[39m
[35m[HTTP][39m [37m-->[39m [37mPOST[39m [37m/wd/hub/session/f9ec4f3c-6dcf-4584-a9df-5e49a1d0aab7/element/00000000-0000-010f-ffff-ffff000008b1/click[39m
[35m[HTTP][39m [90m{"id":"00000000-0000-010f-ffff-ffff000008b1"}[39m
[35m[HTTP][39m [37m<-- POST /wd/hub/session/f9ec4f3c-6dcf-4584-a9df-5e49a1d0aab7/element/00000000-0000-010f-ffff-ffff000008b1/click [39m[32m200[39m [90m88 ms - 14[39m
[35m[HTTP][39m [90m[39m
[35m[HTTP][39m [37m-->[39m [37mGET[39m [37m/wd/hub/session/f9ec4f3c-6dcf-4584-a9df-5e49a1d0aab7/source[39m
[35m[HTTP][39m [90m{}[39m
[35m[W3C (f9ec4f3c)][39m Driver proxy active, passing request on via HTTP proxy
[35m[WD Proxy][39m Replacing sessionId f98ec57d-cfd5-4c76-8599-5f5cf8492eb7 with f9ec4f3c-6dcf-4584-a9df-5e49a1d0aab7
[35m[HTTP][39m [37m<-- GET /wd/hub/session/f9ec4f3c-6dcf-4584-a9df-5e49a1d0aab7/source [39m[32m200[39m [90m432 ms - 19302[39m
[35m[HTTP][39m [90m[39m
[35m[HTTP][39m [37m-->[39m [37mGET[39m [37m/wd/hub/session/f9ec4f3c-6dcf-4584-a9df-5e49a1d0aab7/screenshot[39m
[35m[HTTP][39m [90m{}[39m
[35m[HTTP][39m [37m<-- GET /wd/hub/session/f9ec4f3c-6dcf-4584-a9df-5e49a1d0aab7/screenshot [39m[32m200[39m [90m544 ms - 291018[39m
[35m[HTTP][39m [90m[39m
[35m[HTTP][39m [37m-->[39m [37mPOST[39m [37m/wd/hub/session/f9ec4f3c-6dcf-4584-a9df-5e49a1d0aab7/elements[39m
[35m[HTTP][39m [90m{"using":"xpath","value":"//*[@class = 'android.widget.EditText' and (@text = 'Cari kota atau bandara' or . = 'Cari kota atau bandara') and @resource-id = 'com.traveloka.android:id/edit_text_field']"}[39m
[35m[HTTP][39m [37m<-- POST /wd/hub/session/f9ec4f3c-6dcf-4584-a9df-5e49a1d0aab7/elements [39m[32m200[39m [90m220 ms - 139[39m
[35m[HTTP][39m [90m[39m
[35m[HTTP][39m [37m-->[39m [37mGET[39m [37m/wd/hub/session/f9ec4f3c-6dcf-4584-a9df-5e49a1d0aab7/window/rect[39m
[35m[HTTP][39m [90m{}[39m
[35m[HTTP][39m [37m<-- GET /wd/hub/session/f9ec4f3c-6dcf-4584-a9df-5e49a1d0aab7/window/rect [39m[32m200[39m [90m22 ms - 50[39m
[35m[HTTP][39m [90m[39m
[35m[HTTP][39m [37m-->[39m [37mPOST[39m [37m/wd/hub/session/f9ec4f3c-6dcf-4584-a9df-5e49a1d0aab7/elements[39m
[35m[HTTP][39m [90m{"using":"xpath","value":"//*[@class = 'android.widget.EditText' and (@text = 'Cari kota atau bandara' or . = 'Cari kota atau bandara') and @resource-id = 'com.traveloka.android:id/edit_text_field']"}[39m
[35m[HTTP][39m [37m<-- POST /wd/hub/session/f9ec4f3c-6dcf-4584-a9df-5e49a1d0aab7/elements [39m[32m200[39m [90m151 ms - 139[39m
[35m[HTTP][39m [90m[39m
[35m[HTTP][39m [37m-->[39m [37mGET[39m [37m/wd/hub/session/f9ec4f3c-6dcf-4584-a9df-5e49a1d0aab7/element/00000000-0000-010f-ffff-ffff000008b1/location[39m
[35m[HTTP][39m [90m{}[39m
[35m[W3C (f9ec4f3c)][39m Driver proxy active, passing request on via HTTP proxy
[35m[WD Proxy][39m Replacing sessionId f98ec57d-cfd5-4c76-8599-5f5cf8492eb7 with f9ec4f3c-6dcf-4584-a9df-5e49a1d0aab7
[35m[HTTP][39m [37m<-- GET /wd/hub/session/f9ec4f3c-6dcf-4584-a9df-5e49a1d0aab7/element/00000000-0000-010f-ffff-ffff000008b1/location [39m[32m200[39m [90m39 ms - 77[39m
[35m[HTTP][39m [90m[39m
[35m[HTTP][39m [37m-->[39m [37mPOST[39m [37m/wd/hub/session/f9ec4f3c-6dcf-4584-a9df-5e49a1d0aab7/element/00000000-0000-010f-ffff-ffff000008b1/value[39m
[35m[HTTP][39m [90m{"id":"00000000-0000-010f-ffff-ffff000008b1","text":"padang","value":["p","a","d","a","n","g"]}[39m
[35m[HTTP][39m [37m<-- POST /wd/hub/session/f9ec4f3c-6dcf-4584-a9df-5e49a1d0aab7/element/00000000-0000-010f-ffff-ffff000008b1/value [39m[32m200[39m [90m1122 ms - 14[39m
[35m[HTTP][39m [90m[39m
[35m[HTTP][39m [37m-->[39m [37mGET[39m [37m/wd/hub/session/f9ec4f3c-6dcf-4584-a9df-5e49a1d0aab7/source[39m
[35m[HTTP][39m [90m{}[39m
[35m[W3C (f9ec4f3c)][39m Driver proxy active, passing request on via HTTP proxy
[35m[WD Proxy][39m Replacing sessionId f98ec57d-cfd5-4c76-8599-5f5cf8492eb7 with f9ec4f3c-6dcf-4584-a9df-5e49a1d0aab7
[35m[HTTP][39m [37m<-- GET /wd/hub/session/f9ec4f3c-6dcf-4584-a9df-5e49a1d0aab7/source [39m[32m200[39m [90m561 ms - 10679[39m
[35m[HTTP][39m [90m[39m
[35m[HTTP][39m [37m-->[39m [37mGET[39m [37m/wd/hub/session/f9ec4f3c-6dcf-4584-a9df-5e49a1d0aab7/screenshot[39m
[35m[HTTP][39m [90m{}[39m
[35m[HTTP][39m [37m<-- GET /wd/hub/session/f9ec4f3c-6dcf-4584-a9df-5e49a1d0aab7/screenshot [39m[32m200[39m [90m506 ms - 197292[39m
[35m[HTTP][39m [90m[39m
[35m[HTTP][39m [37m-->[39m [37mPOST[39m [37m/wd/hub/session/f9ec4f3c-6dcf-4584-a9df-5e49a1d0aab7/elements[39m
[35m[HTTP][39m [90m{"using":"xpath","value":"//*[@class = 'android.widget.TextView' and (@text = 'Padang, Indonesia' or . = 'Padang, Indonesia') and @resource-id = 'com.traveloka.android.flight:id/text_view_location']"}[39m
[35m[HTTP][39m [37m<-- POST /wd/hub/session/f9ec4f3c-6dcf-4584-a9df-5e49a1d0aab7/elements [39m[32m200[39m [90m153 ms - 139[39m
[35m[HTTP][39m [90m[39m
[35m[HTTP][39m [37m-->[39m [37mGET[39m [37m/wd/hub/session/f9ec4f3c-6dcf-4584-a9df-5e49a1d0aab7/window/rect[39m
[35m[HTTP][39m [90m{}[39m
[35m[HTTP][39m [37m<-- GET /wd/hub/session/f9ec4f3c-6dcf-4584-a9df-5e49a1d0aab7/window/rect [39m[32m200[39m [90m15 ms - 50[39m
[35m[HTTP][39m [90m[39m
[35m[HTTP][39m [37m-->[39m [37mPOST[39m [37m/wd/hub/session/f9ec4f3c-6dcf-4584-a9df-5e49a1d0aab7/elements[39m
[35m[HTTP][39m [90m{"using":"xpath","value":"//*[@class = 'android.widget.TextView' and (@text = 'Padang, Indonesia' or . = 'Padang, Indonesia') and @resource-id = 'com.traveloka.android.flight:id/text_view_location']"}[39m
[35m[HTTP][39m [37m<-- POST /wd/hub/session/f9ec4f3c-6dcf-4584-a9df-5e49a1d0aab7/elements [39m[32m200[39m [90m86 ms - 139[39m
[35m[HTTP][39m [90m[39m
[35m[HTTP][39m [37m-->[39m [37mGET[39m [37m/wd/hub/session/f9ec4f3c-6dcf-4584-a9df-5e49a1d0aab7/element/00000000-0000-010f-ffff-ffff000008ef/location[39m
[35m[HTTP][39m [90m{}[39m
[35m[W3C (f9ec4f3c)][39m Driver proxy active, passing request on via HTTP proxy
[35m[WD Proxy][39m Replacing sessionId f98ec57d-cfd5-4c76-8599-5f5cf8492eb7 with f9ec4f3c-6dcf-4584-a9df-5e49a1d0aab7
[35m[HTTP][39m [37m<-- GET /wd/hub/session/f9ec4f3c-6dcf-4584-a9df-5e49a1d0aab7/element/00000000-0000-010f-ffff-ffff000008ef/location [39m[32m200[39m [90m30 ms - 77[39m
[35m[HTTP][39m [90m[39m
[35m[HTTP][39m [37m-->[39m [37mPOST[39m [37m/wd/hub/session/f9ec4f3c-6dcf-4584-a9df-5e49a1d0aab7/element/00000000-0000-010f-ffff-ffff000008ef/click[39m
[35m[HTTP][39m [90m{"id":"00000000-0000-010f-ffff-ffff000008ef"}[39m
[35m[HTTP][39m [37m<-- POST /wd/hub/session/f9ec4f3c-6dcf-4584-a9df-5e49a1d0aab7/element/00000000-0000-010f-ffff-ffff000008ef/click [39m[32m200[39m [90m86 ms - 14[39m
[35m[HTTP][39m [90m[39m
[35m[HTTP][39m [37m-->[39m [37mGET[39m [37m/wd/hub/session/f9ec4f3c-6dcf-4584-a9df-5e49a1d0aab7/source[39m
[35m[HTTP][39m [90m{}[39m
[35m[W3C (f9ec4f3c)][39m Driver proxy active, passing request on via HTTP proxy
[35m[WD Proxy][39m Replacing sessionId f98ec57d-cfd5-4c76-8599-5f5cf8492eb7 with f9ec4f3c-6dcf-4584-a9df-5e49a1d0aab7
[35m[HTTP][39m [37m<-- GET /wd/hub/session/f9ec4f3c-6dcf-4584-a9df-5e49a1d0aab7/source [39m[32m200[39m [90m442 ms - 65348[39m
[35m[HTTP][39m [90m[39m
[35m[HTTP][39m [37m-->[39m [37mGET[39m [37m/wd/hub/session/f9ec4f3c-6dcf-4584-a9df-5e49a1d0aab7/screenshot[39m
[35m[HTTP][39m [90m{}[39m
[35m[HTTP][39m [37m<-- GET /wd/hub/session/f9ec4f3c-6dcf-4584-a9df-5e49a1d0aab7/screenshot [39m[32m200[39m [90m595 ms - 575206[39m
[35m[HTTP][39m [90m[39m
[35m[HTTP][39m [37m-->[39m [37mPOST[39m [37m/wd/hub/session/f9ec4f3c-6dcf-4584-a9df-5e49a1d0aab7/elements[39m
[35m[HTTP][39m [90m{"using":"xpath","value":"//*[@class = 'android.widget.EditText' and (@text = 'Senin, 18 Apr 2022' or . = 'Senin, 18 Apr 2022') and @resource-id = 'com.traveloka.android:id/edit_text_field']"}[39m
[35m[HTTP][39m [37m<-- POST /wd/hub/session/f9ec4f3c-6dcf-4584-a9df-5e49a1d0aab7/elements [39m[32m200[39m [90m346 ms - 139[39m
[35m[HTTP][39m [90m[39m
[35m[HTTP][39m [37m-->[39m [37mGET[39m [37m/wd/hub/session/f9ec4f3c-6dcf-4584-a9df-5e49a1d0aab7/window/rect[39m
[35m[HTTP][39m [90m{}[39m
[35m[HTTP][39m [37m<-- GET /wd/hub/session/f9ec4f3c-6dcf-4584-a9df-5e49a1d0aab7/window/rect [39m[32m200[39m [90m12 ms - 50[39m
[35m[HTTP][39m [90m[39m
[35m[HTTP][39m [37m-->[39m [37mPOST[39m [37m/wd/hub/session/f9ec4f3c-6dcf-4584-a9df-5e49a1d0aab7/elements[39m
[35m[HTTP][39m [90m{"using":"xpath","value":"//*[@class = 'android.widget.EditText' and (@text = 'Senin, 18 Apr 2022' or . = 'Senin, 18 Apr 2022') and @resource-id = 'com.traveloka.android:id/edit_text_field']"}[39m
[35m[HTTP][39m [37m<-- POST /wd/hub/session/f9ec4f3c-6dcf-4584-a9df-5e49a1d0aab7/elements [39m[32m200[39m [90m260 ms - 139[39m
[35m[HTTP][39m [90m[39m
[35m[HTTP][39m [37m-->[39m [37mGET[39m [37m/wd/hub/session/f9ec4f3c-6dcf-4584-a9df-5e49a1d0aab7/element/00000000-0000-010d-ffff-ffff00000444/location[39m
[35m[HTTP][39m [90m{}[39m
[35m[W3C (f9ec4f3c)][39m Driver proxy active, passing request on via HTTP proxy
[35m[WD Proxy][39m Replacing sessionId f98ec57d-cfd5-4c76-8599-5f5cf8492eb7 with f9ec4f3c-6dcf-4584-a9df-5e49a1d0aab7
[35m[HTTP][39m [37m<-- GET /wd/hub/session/f9ec4f3c-6dcf-4584-a9df-5e49a1d0aab7/element/00000000-0000-010d-ffff-ffff00000444/location [39m[32m200[39m [90m31 ms - 77[39m
[35m[HTTP][39m [90m[39m
[35m[HTTP][39m [37m-->[39m [37mPOST[39m [37m/wd/hub/session/f9ec4f3c-6dcf-4584-a9df-5e49a1d0aab7/element/00000000-0000-010d-ffff-ffff00000444/click[39m
[35m[HTTP][39m [90m{"id":"00000000-0000-010d-ffff-ffff00000444"}[39m
[35m[HTTP][39m [37m<-- POST /wd/hub/session/f9ec4f3c-6dcf-4584-a9df-5e49a1d0aab7/element/00000000-0000-010d-ffff-ffff00000444/click [39m[32m200[39m [90m94 ms - 14[39m
[35m[HTTP][39m [90m[39m
[35m[HTTP][39m [37m-->[39m [37mGET[39m [37m/wd/hub/session/f9ec4f3c-6dcf-4584-a9df-5e49a1d0aab7/source[39m
[35m[HTTP][39m [90m{}[39m
[35m[W3C (f9ec4f3c)][39m Driver proxy active, passing request on via HTTP proxy
[35m[WD Proxy][39m Replacing sessionId f98ec57d-cfd5-4c76-8599-5f5cf8492eb7 with f9ec4f3c-6dcf-4584-a9df-5e49a1d0aab7
[35m[HTTP][39m [37m<-- GET /wd/hub/session/f9ec4f3c-6dcf-4584-a9df-5e49a1d0aab7/source [39m[32m200[39m [90m1899 ms - 156861[39m
[35m[HTTP][39m [90m[39m
[35m[HTTP][39m [37m-->[39m [37mGET[39m [37m/wd/hub/session/f9ec4f3c-6dcf-4584-a9df-5e49a1d0aab7/screenshot[39m
[35m[HTTP][39m [90m{}[39m
[35m[HTTP][39m [37m<-- GET /wd/hub/session/f9ec4f3c-6dcf-4584-a9df-5e49a1d0aab7/screenshot [39m[32m200[39m [90m540 ms - 239494[39m
[35m[HTTP][39m [90m[39m
[35m[HTTP][39m [37m-->[39m [37mPOST[39m [37m/wd/hub/session/f9ec4f3c-6dcf-4584-a9df-5e49a1d0aab7/elements[39m
[35m[HTTP][39m [90m{"using":"xpath","value":"//*[@class = 'android.view.View' and @resource-id = 'com.traveloka.android:id/calendar_date_text' and (@text = '' or . = '')]"}[39m
[35m[HTTP][39m [37m<-- POST /wd/hub/session/f9ec4f3c-6dcf-4584-a9df-5e49a1d0aab7/elements [39m[32m200[39m [90m1045 ms - 7819[39m
[35m[HTTP][39m [90m[39m
[35m[HTTP][39m [37m-->[39m [37mPOST[39m [37m/wd/hub/session/f9ec4f3c-6dcf-4584-a9df-5e49a1d0aab7/elements[39m
[35m[HTTP][39m [90m{"using":"accessibility id","value":"29"}[39m
[35m[HTTP][39m [37m<-- POST /wd/hub/session/f9ec4f3c-6dcf-4584-a9df-5e49a1d0aab7/elements [39m[32m200[39m [90m758 ms - 267[39m
[35m[HTTP][39m [90m[39m
[35m[HTTP][39m [37m-->[39m [37mPOST[39m [37m/wd/hub/session/f9ec4f3c-6dcf-4584-a9df-5e49a1d0aab7/elements[39m
[35m[HTTP][39m [90m{"using":"id","value":"com.traveloka.android:id/calendar_date_text"}[39m
[35m[HTTP][39m [37m<-- POST /wd/hub/session/f9ec4f3c-6dcf-4584-a9df-5e49a1d0aab7/elements [39m[32m200[39m [90m899 ms - 7819[39m
[35m[HTTP][39m [90m[39m
[35m[HTTP][39m [37m-->[39m [37mPOST[39m [37m/wd/hub/session/f9ec4f3c-6dcf-4584-a9df-5e49a1d0aab7/elements[39m
[35m[HTTP][39m [90m{"using":"-android uiautomator","value":"new UiSelector().className(\"android.view.View\").resourceId(\"com.traveloka.android:id/calendar_date_text\")"}[39m
[35m[HTTP][39m [37m<-- POST /wd/hub/session/f9ec4f3c-6dcf-4584-a9df-5e49a1d0aab7/elements [39m[32m200[39m [90m2025 ms - 7819[39m
[35m[HTTP][39m [90m[39m
[35m[HTTP][39m [37m-->[39m [37mGET[39m [37m/wd/hub/session/f9ec4f3c-6dcf-4584-a9df-5e49a1d0aab7/window/rect[39m
[35m[HTTP][39m [90m{}[39m
[35m[HTTP][39m [37m<-- GET /wd/hub/session/f9ec4f3c-6dcf-4584-a9df-5e49a1d0aab7/window/rect [39m[32m200[39m [90m22 ms - 50[39m
[35m[HTTP][39m [90m[39m
[35m[HTTP][39m [37m-->[39m [37mPOST[39m [37m/wd/hub/session/f9ec4f3c-6dcf-4584-a9df-5e49a1d0aab7/elements[39m
[35m[HTTP][39m [90m{"using":"xpath","value":"//hierarchy/android.widget.FrameLayout[1]/android.widget.LinearLayout[1]/android.widget.FrameLayout[1]/android.widget.FrameLayout[1]/android.widget.FrameLayout[1]/android.view.ViewGroup[1]/android.view.ViewGroup[2]/androidx.recyclerview.widget.RecyclerView[1]/android.widget.FrameLayout[1]/android.view.ViewGroup[1]/androidx.recyclerview.widget.RecyclerView[1]/android.widget.LinearLayout[29]/android.view.View[1]"}[39m
[35m[HTTP][39m [37m<-- POST /wd/hub/session/f9ec4f3c-6dcf-4584-a9df-5e49a1d0aab7/elements [39m[32m200[39m [90m784 ms - 139[39m
[35m[HTTP][39m [90m[39m
[35m[HTTP][39m [37m-->[39m [37mGET[39m [37m/wd/hub/session/f9ec4f3c-6dcf-4584-a9df-5e49a1d0aab7/element/00000000-0000-0110-ffff-ffff00000b76/location[39m
[35m[HTTP][39m [90m{}[39m
[35m[W3C (f9ec4f3c)][39m Driver proxy active, passing request on via HTTP proxy
[35m[WD Proxy][39m Replacing sessionId f98ec57d-cfd5-4c76-8599-5f5cf8492eb7 with f9ec4f3c-6dcf-4584-a9df-5e49a1d0aab7
[35m[HTTP][39m [37m<-- GET /wd/hub/session/f9ec4f3c-6dcf-4584-a9df-5e49a1d0aab7/element/00000000-0000-0110-ffff-ffff00000b76/location [39m[32m200[39m [90m31 ms - 79[39m
[35m[HTTP][39m [90m[39m
[35m[HTTP][39m [37m-->[39m [37mPOST[39m [37m/wd/hub/session/f9ec4f3c-6dcf-4584-a9df-5e49a1d0aab7/element/00000000-0000-0110-ffff-ffff00000b76/click[39m
[35m[HTTP][39m [90m{"id":"00000000-0000-0110-ffff-ffff00000b76"}[39m
[35m[HTTP][39m [37m<-- POST /wd/hub/session/f9ec4f3c-6dcf-4584-a9df-5e49a1d0aab7/element/00000000-0000-0110-ffff-ffff00000b76/click [39m[32m200[39m [90m95 ms - 14[39m
[35m[HTTP][39m [90m[39m
[35m[HTTP][39m [37m-->[39m [37mGET[39m [37m/wd/hub/session/f9ec4f3c-6dcf-4584-a9df-5e49a1d0aab7/source[39m
[35m[HTTP][39m [90m{}[39m
[35m[W3C (f9ec4f3c)][39m Driver proxy active, passing request on via HTTP proxy
[35m[WD Proxy][39m Replacing sessionId f98ec57d-cfd5-4c76-8599-5f5cf8492eb7 with f9ec4f3c-6dcf-4584-a9df-5e49a1d0aab7
[35m[HTTP][39m [37m<-- GET /wd/hub/session/f9ec4f3c-6dcf-4584-a9df-5e49a1d0aab7/source [39m[32m200[39m [90m495 ms - 65348[39m
[35m[HTTP][39m [90m[39m
[35m[HTTP][39m [37m-->[39m [37mGET[39m [37m/wd/hub/session/f9ec4f3c-6dcf-4584-a9df-5e49a1d0aab7/screenshot[39m
[35m[HTTP][39m [90m{}[39m
[35m[HTTP][39m [37m<-- GET /wd/hub/session/f9ec4f3c-6dcf-4584-a9df-5e49a1d0aab7/screenshot [39m[32m200[39m [90m630 ms - 574318[39m
[35m[HTTP][39m [90m[39m
[35m[HTTP][39m [37m-->[39m [37mPOST[39m [37m/wd/hub/session/f9ec4f3c-6dcf-4584-a9df-5e49a1d0aab7/elements[39m
[35m[HTTP][39m [90m{"using":"xpath","value":"//*[@class = 'android.widget.Button' and (@text = 'Cari' or . = 'Cari') and @resource-id = 'com.traveloka.android.flight:id/btn_search']"}[39m
[35m[HTTP][39m [37m<-- POST /wd/hub/session/f9ec4f3c-6dcf-4584-a9df-5e49a1d0aab7/elements [39m[32m200[39m [90m320 ms - 139[39m
[35m[HTTP][39m [90m[39m
[35m[HTTP][39m [37m-->[39m [37mGET[39m [37m/wd/hub/session/f9ec4f3c-6dcf-4584-a9df-5e49a1d0aab7/window/rect[39m
[35m[HTTP][39m [90m{}[39m
[35m[HTTP][39m [37m<-- GET /wd/hub/session/f9ec4f3c-6dcf-4584-a9df-5e49a1d0aab7/window/rect [39m[32m200[39m [90m11 ms - 50[39m
[35m[HTTP][39m [90m[39m
[35m[HTTP][39m [37m-->[39m [37mPOST[39m [37m/wd/hub/session/f9ec4f3c-6dcf-4584-a9df-5e49a1d0aab7/elements[39m
[35m[HTTP][39m [90m{"using":"xpath","value":"//*[@class = 'android.widget.Button' and (@text = 'Cari' or . = 'Cari') and @resource-id = 'com.traveloka.android.flight:id/btn_search']"}[39m
[35m[HTTP][39m [37m<-- POST /wd/hub/session/f9ec4f3c-6dcf-4584-a9df-5e49a1d0aab7/elements [39m[32m200[39m [90m277 ms - 139[39m
[35m[HTTP][39m [90m[39m
[35m[HTTP][39m [37m-->[39m [37mGET[39m [37m/wd/hub/session/f9ec4f3c-6dcf-4584-a9df-5e49a1d0aab7/element/00000000-0000-010d-ffff-ffff00000485/location[39m
[35m[HTTP][39m [90m{}[39m
[35m[W3C (f9ec4f3c)][39m Driver proxy active, passing request on via HTTP proxy
[35m[WD Proxy][39m Replacing sessionId f98ec57d-cfd5-4c76-8599-5f5cf8492eb7 with f9ec4f3c-6dcf-4584-a9df-5e49a1d0aab7
[35m[HTTP][39m [37m<-- GET /wd/hub/session/f9ec4f3c-6dcf-4584-a9df-5e49a1d0aab7/element/00000000-0000-010d-ffff-ffff00000485/location [39m[32m200[39m [90m25 ms - 78[39m
[35m[HTTP][39m [90m[39m
[35m[HTTP][39m [37m-->[39m [37mPOST[39m [37m/wd/hub/session/f9ec4f3c-6dcf-4584-a9df-5e49a1d0aab7/element/00000000-0000-010d-ffff-ffff00000485/click[39m
[35m[HTTP][39m [90m{"id":"00000000-0000-010d-ffff-ffff00000485"}[39m
[35m[HTTP][39m [37m<-- POST /wd/hub/session/f9ec4f3c-6dcf-4584-a9df-5e49a1d0aab7/element/00000000-0000-010d-ffff-ffff00000485/click [39m[32m200[39m [90m597 ms - 14[39m
[35m[HTTP][39m [90m[39m
[35m[HTTP][39m [37m-->[39m [37mGET[39m [37m/wd/hub/session/f9ec4f3c-6dcf-4584-a9df-5e49a1d0aab7/source[39m
[35m[HTTP][39m [90m{}[39m
[35m[W3C (f9ec4f3c)][39m Driver proxy active, passing request on via HTTP proxy
[35m[WD Proxy][39m Replacing sessionId f98ec57d-cfd5-4c76-8599-5f5cf8492eb7 with f9ec4f3c-6dcf-4584-a9df-5e49a1d0aab7
[35m[HTTP][39m [37m<-- GET /wd/hub/session/f9ec4f3c-6dcf-4584-a9df-5e49a1d0aab7/source [39m[32m200[39m [90m1388 ms - 6330[39m
[35m[HTTP][39m [90m[39m
[35m[HTTP][39m [37m-->[39m [37mGET[39m [37m/wd/hub/session/f9ec4f3c-6dcf-4584-a9df-5e49a1d0aab7/screenshot[39m
[35m[HTTP][39m [90m{}[39m
[35m[HTTP][39m [37m<-- GET /wd/hub/session/f9ec4f3c-6dcf-4584-a9df-5e49a1d0aab7/screenshot [39m[32m200[39m [90m474 ms - 128726[39m
[35m[HTTP][39m [90m[39m
[35m[HTTP][39m [37m-->[39m [37mPOST[39m [37m/wd/hub/session/f9ec4f3c-6dcf-4584-a9df-5e49a1d0aab7/elements[39m
[35m[HTTP][39m [90m{"using":"xpath","value":"//*[@class = 'android.widget.Button' and (@text = 'OK' or . = 'OK') and @resource-id = 'com.traveloka.android:id/button_tooltip']"}[39m
[35m[HTTP][39m [37m<-- POST /wd/hub/session/f9ec4f3c-6dcf-4584-a9df-5e49a1d0aab7/elements [39m[32m200[39m [90m85 ms - 139[39m
[35m[HTTP][39m [90m[39m
[35m[HTTP][39m [37m-->[39m [37mGET[39m [37m/wd/hub/session/f9ec4f3c-6dcf-4584-a9df-5e49a1d0aab7/window/rect[39m
[35m[HTTP][39m [90m{}[39m
[35m[HTTP][39m [37m<-- GET /wd/hub/session/f9ec4f3c-6dcf-4584-a9df-5e49a1d0aab7/window/rect [39m[32m200[39m [90m11 ms - 50[39m
[35m[HTTP][39m [90m[39m
[35m[HTTP][39m [37m-->[39m [37mPOST[39m [37m/wd/hub/session/f9ec4f3c-6dcf-4584-a9df-5e49a1d0aab7/elements[39m
[35m[HTTP][39m [90m{"using":"xpath","value":"//*[@class = 'android.widget.Button' and (@text = 'OK' or . = 'OK') and @resource-id = 'com.traveloka.android:id/button_tooltip']"}[39m
[35m[HTTP][39m [37m<-- POST /wd/hub/session/f9ec4f3c-6dcf-4584-a9df-5e49a1d0aab7/elements [39m[32m200[39m [90m572 ms - 139[39m
[35m[HTTP][39m [90m[39m
[35m[HTTP][39m [37m-->[39m [37mGET[39m [37m/wd/hub/session/f9ec4f3c-6dcf-4584-a9df-5e49a1d0aab7/element/00000000-0000-0112-ffff-ffff00000d71/location[39m
[35m[HTTP][39m [90m{}[39m
[35m[W3C (f9ec4f3c)][39m Driver proxy active, passing request on via HTTP proxy
[35m[WD Proxy][39m Replacing sessionId f98ec57d-cfd5-4c76-8599-5f5cf8492eb7 with f9ec4f3c-6dcf-4584-a9df-5e49a1d0aab7
[35m[HTTP][39m [37m<-- GET /wd/hub/session/f9ec4f3c-6dcf-4584-a9df-5e49a1d0aab7/element/00000000-0000-0112-ffff-ffff00000d71/location [39m[32m200[39m [90m21 ms - 78[39m
[35m[HTTP][39m [90m[39m
[35m[HTTP][39m [37m-->[39m [37mPOST[39m [37m/wd/hub/session/f9ec4f3c-6dcf-4584-a9df-5e49a1d0aab7/element/00000000-0000-0112-ffff-ffff00000d71/click[39m
[35m[HTTP][39m [90m{"id":"00000000-0000-0112-ffff-ffff00000d71"}[39m
[35m[HTTP][39m [37m<-- POST /wd/hub/session/f9ec4f3c-6dcf-4584-a9df-5e49a1d0aab7/element/00000000-0000-0112-ffff-ffff00000d71/click [39m[32m200[39m [90m74 ms - 14[39m
[35m[HTTP][39m [90m[39m
[35m[HTTP][39m [37m-->[39m [37mGET[39m [37m/wd/hub/session/f9ec4f3c-6dcf-4584-a9df-5e49a1d0aab7/source[39m
[35m[HTTP][39m [90m{}[39m
[35m[W3C (f9ec4f3c)][39m Driver proxy active, passing request on via HTTP proxy
[35m[WD Proxy][39m Replacing sessionId f98ec57d-cfd5-4c76-8599-5f5cf8492eb7 with f9ec4f3c-6dcf-4584-a9df-5e49a1d0aab7
[35m[HTTP][39m [37m<-- GET /wd/hub/session/f9ec4f3c-6dcf-4584-a9df-5e49a1d0aab7/source [39m[32m200[39m [90m499 ms - 24260[39m
[35m[HTTP][39m [90m[39m
[35m[HTTP][39m [37m-->[39m [37mGET[39m [37m/wd/hub/session/f9ec4f3c-6dcf-4584-a9df-5e49a1d0aab7/screenshot[39m
[35m[HTTP][39m [90m{}[39m
[35m[HTTP][39m [37m<-- GET /wd/hub/session/f9ec4f3c-6dcf-4584-a9df-5e49a1d0aab7/screenshot [39m[32m200[39m [90m445 ms - 114176[39m
[35m[HTTP][39m [90m[39m
[35m[HTTP][39m [37m-->[39m [37mDELETE[39m [37m/wd/hub/session/f9ec4f3c-6dcf-4584-a9df-5e49a1d0aab7[39m
[35m[HTTP][39m [90m{}[39m
[35m[Appium][39m Removing session f9ec4f3c-6dcf-4584-a9df-5e49a1d0aab7 from our master session list
[35m[UiAutomator2][39m Restoring hidden api policy to the device default configuration
[35m[HTTP][39m [37m<-- DELETE /wd/hub/session/f9ec4f3c-6dcf-4584-a9df-5e49a1d0aab7 [39m[32m200[39m [90m519 ms - 14[39m
[35m[HTTP][39m [90m[39m
